[INFO] Scanning for projects...
[INFO] 
[INFO] --------------< com.abdimaalik:clinic-scheduling-engine >---------------
[INFO] Building clinic-scheduling-engine 0.0.1-SNAPSHOT
[INFO]   from pom.xml
[INFO] --------------------------------[ jar ]---------------------------------
[INFO] 
[INFO] >>> spring-boot:3.3.2:run (default-cli) > test-compile @ clinic-scheduling-engine >>>
[INFO] 
[INFO] --- resources:3.3.1:resources (default-resources) @ clinic-scheduling-engine ---
[INFO] Copying 2 resources from src/main/resources to target/classes
[INFO] Copying 1 resource from src/main/resources to target/classes
[INFO] 
[INFO] --- compiler:3.13.0:compile (default-compile) @ clinic-scheduling-engine ---
[INFO] Nothing to compile - all classes are up to date.
[INFO] 
[INFO] --- resources:3.3.1:testResources (default-testResources) @ clinic-scheduling-engine ---
[INFO] skip non existing resourceDirectory /Users/abdimaalik/clinic-scheduling-system/src/test/resources
[INFO] 
[INFO] --- compiler:3.13.0:testCompile (default-testCompile) @ clinic-scheduling-engine ---
[INFO] Nothing to compile - all classes are up to date.
[INFO] 
[INFO] <<< spring-boot:3.3.2:run (default-cli) < test-compile @ clinic-scheduling-engine <<<
[INFO] 
[INFO] 
[INFO] --- spring-boot:3.3.2:run (default-cli) @ clinic-scheduling-engine ---
[INFO] Attaching agents: []

  .   ____          _            __ _ _
 /\\ / ___'_ __ _ _(_)_ __  __ _ \ \ \ \
( ( )\___ | '_ | '_| | '_ \/ _` | \ \ \ \
 \\/  ___)| |_)| | | | | || (_| |  ) ) ) )
  '  |____| .__|_| |_|_| |_\__, | / / / /
 =========|_|==============|___/=/_/_/_/

 :: Spring Boot ::                (v3.3.2)

2026-03-16T17:00:27.444Z  INFO 59174 --- [           main] c.a.clinic.ClinicSchedulingApplication   : Starting ClinicSchedulingApplication using Java 25.0.2 with PID 59174 (/Users/abdimaalik/clinic-scheduling-system/target/classes started by abdimaalik in /Users/abdimaalik/clinic-scheduling-system)
2026-03-16T17:00:27.445Z  INFO 59174 --- [           main] c.a.clinic.ClinicSchedulingApplication   : No active profile set, falling back to 1 default profile: "default"
2026-03-16T17:00:27.623Z  INFO 59174 --- [           main] .s.d.r.c.RepositoryConfigurationDelegate : Bootstrapping Spring Data JPA repositories in DEFAULT mode.
2026-03-16T17:00:27.638Z  INFO 59174 --- [           main] .s.d.r.c.RepositoryConfigurationDelegate : Finished Spring Data repository scanning in 11 ms. Found 1 JPA repository interface.
WARNING: A restricted method in java.lang.System has been called
WARNING: java.lang.System::load has been called by org.apache.tomcat.jni.Library in an unnamed module (file:/Users/abdimaalik/.m2/repository/org/apache/tomcat/embed/tomcat-embed-core/10.1.26/tomcat-embed-core-10.1.26.jar)
WARNING: Use --enable-native-access=ALL-UNNAMED to avoid a warning for callers in this module
WARNING: Restricted methods will be blocked in a future release unless native access is enabled

2026-03-16T17:00:27.856Z  INFO 59174 --- [           main] o.s.b.w.embedded.tomcat.TomcatWebServer  : Tomcat initialized with port 8080 (http)
2026-03-16T17:00:27.862Z  INFO 59174 --- [           main] o.apache.catalina.core.StandardService   : Starting service [Tomcat]
2026-03-16T17:00:27.862Z  INFO 59174 --- [           main] o.apache.catalina.core.StandardEngine    : Starting Servlet engine: [Apache Tomcat/10.1.26]
2026-03-16T17:00:27.885Z  INFO 59174 --- [           main] o.a.c.c.C.[Tomcat].[localhost].[/]       : Initializing Spring embedded WebApplicationContext
2026-03-16T17:00:27.885Z  INFO 59174 --- [           main] w.s.c.ServletWebServerApplicationContext : Root WebApplicationContext: initialization completed in 418 ms
2026-03-16T17:00:27.912Z  WARN 59174 --- [           main] ConfigServletWebServerApplicationContext : Exception encountered during context initialization - cancelling refresh attempt: org.springframework.beans.factory.UnsatisfiedDependencyException: Error creating bean with name 'appointmentController' defined in file [/Users/abdimaalik/clinic-scheduling-system/target/classes/com/abdimaalik/clinic/controller/AppointmentController.class]: Unsatisfied dependency expressed through constructor parameter 0: Error creating bean with name 'clinicService' defined in file [/Users/abdimaalik/clinic-scheduling-system/target/classes/com/abdimaalik/clinic/service/ClinicService.class]: Unsatisfied dependency expressed through constructor parameter 0: Error creating bean with name 'appointmentRepository' defined in com.abdimaalik.clinic.repository.AppointmentRepository defined in @EnableJpaRepositories declared on ClinicSchedulingApplication: Cannot resolve reference to bean 'jpaSharedEM_entityManagerFactory' while setting bean property 'entityManager'
2026-03-16T17:00:27.913Z  INFO 59174 --- [           main] o.apache.catalina.core.StandardService   : Stopping service [Tomcat]
2026-03-16T17:00:27.921Z  INFO 59174 --- [           main] .s.b.a.l.ConditionEvaluationReportLogger : 

Error starting ApplicationContext. To display the condition evaluation report re-run your application with 'debug' enabled.
2026-03-16T17:00:27.929Z ERROR 59174 --- [           main] o.s.b.d.LoggingFailureAnalysisReporter   : 

***************************
APPLICATION FAILED TO START
***************************

Description:

Parameter 0 of constructor in com.abdimaalik.clinic.service.ClinicService required a bean named 'entityManagerFactory' that could not be found.


Action:

Consider defining a bean named 'entityManagerFactory' in your configuration.

[INFO] ------------------------------------------------------------------------
[INFO] BUILD FAILURE
[INFO] ------------------------------------------------------------------------
[INFO] Total time:  1.548 s
[INFO] Finished at: 2026-03-16T17:00:27Z
[INFO] ------------------------------------------------------------------------
[ERROR] Failed to execute goal org.springframework.boot:spring-boot-maven-plugin:3.3.2:run (default-cli) on project clinic-scheduling-engine: Process terminated with exit code: 1 -> [Help 1]
[ERROR] 
[ERROR] To see the full stack trace of the errors, re-run Maven with the -e switch.
[ERROR] Re-run Maven using the -X switch to enable full debug logging.
[ERROR] 
[ERROR] For more information about the errors and possible solutions, please read the following articles:
[ERROR] [Help 1] http://cwiki.apache.org/confluence/display/MAVEN/MojoExecutionException
